alt1cpan__
bcp_before_push__
cat_alt_perl_modules__
d2parr_dstr__
d2sz__
dd2e__
dexec2err__
dk_ka__
dk_p__
dk_pa__
dk_paq__
dk_pq__
dk_rma__
dpl_after_pull__
dr2e0ff__
f2sz__
find_ext__
ftit_ht__
ftit_t__
go_repo__
html2pdf__
isn_avl__
isn_d_or_f__
isn_from__
isn_lcru__
isn_od__
isn_odw__
isn_ow__
isn_space__
isn_yes__
is_yes__
kill_port__
lsof__
lsof_t__
lu__
NBash
parr2f__
pdo__
phs__
plt2tst__
prsti_nt__
pstr2rgx__
rbld_ush__
RE__
red_stderr__
rln__
rnd2d__
rnd2w__
run2tic__
site2d__
t2c__
tm_a__
tm_am__
tm_k__
tm_ka__
tm_km__
tm_l__
tm_n__
tm_sm__
wgetd_to__
wgetf_to__
wm_fm__
wm_k__
wm_km__
wm_l__
wm_sm__
