@alias
@all
@alt
@arb
@attach
@availability
@built-in
@cpan
@digit
@dir
@docker
@echo
@edit
@err
@exec
@ext
@find
@from
@html
@human
@id
@indicator
@install
@is
@isn
@kill
@letter
@list
@ls
@lsof
@menu
@mm
@modify
@module
@nav_nod
@new
@nod
@num
@old
@only
@pc
@pdf
@perl
@php
@plt
@port
@ps
@ques
@quiet
@rand
@rbld
@read
@red
@relative
@repeat
@repo
@rm
@rpm
@running
@save
@server
@session
@singlefn
@site
@space
@start
@state
@stderr
@stdout
@stop
@string
@symlink
@tic
@tmux
@tst
@ush
@utime
@vboxmanage
@vm
@wget
wgetd_to__.sh
@yes
